[0205/001519:INFO:nw_package.cc(175)] "C:\Users\Oscar Roman\Documents\NWJS\nwjs-v0.13.0-beta5-win-x64\nw.exe"
[0205/001520:ERROR:image_metadata_extractor.cc(112)] Couldn't load libexif. 126
[0205/001550:ERROR:image_metadata_extractor.cc(112)] Couldn't load libexif. 126
[0206/164905:INFO:nw_package.cc(175)] nw.exe
[0206/171841:INFO:nw_package.cc(175)] "C:\Users\Oscar Roman\Documents\NWJS\nwjs\nw.exe" "C:\Users\Oscar Roman\Documents\NWJS\nwjs\pruebanwjs.nw"
[0317/163425:INFO:nw_package.cc(175)] "C:\Users\Oscar Roman\Documents\PROGRAMA TESIS\nw.exe"
[0317/163536:ERROR:image_metadata_extractor.cc(112)] Couldn't load libexif. 126
[0317/164517:INFO:nw_package.cc(175)] "C:\Users\Oscar Roman\Documents\PROGRAMA TESIS\nw.exe"
[0317/170212:INFO:nw_package.cc(175)] "C:\Users\Oscar Roman\Documents\PROGRAMA TESIS\nw.exe"
[0317/170700:INFO:nw_package.cc(175)] "C:\Users\Oscar Roman\Documents\PROGRAMA TESIS\nw.exe"
[0317/170811:INFO:nw_package.cc(175)] "C:\Users\Oscar Roman\Documents\PROGRAMA TESIS\nw.exe"
[0317/171848:INFO:nw_package.cc(175)] "C:\Users\Oscar Roman\Documents\PROGRAMA TESIS\nw.exe"
[0317/172506:INFO:nw_package.cc(175)] "C:\Users\Oscar Roman\Documents\PROGRAMA TESIS\nw.exe"
[0317/172817:INFO:nw_package.cc(175)] "C:\Users\Oscar Roman\Documents\PROGRAMA TESIS\nw.exe"
[0317/173059:INFO:nw_package.cc(175)] "C:\Users\Oscar Roman\Documents\PROGRAMA TESIS\nw.exe"
[0317/173202:INFO:nw_package.cc(175)] "C:\Users\Oscar Roman\Documents\PROGRAMA TESIS\nw.exe"
[0317/173317:INFO:nw_package.cc(175)] "C:\Users\Oscar Roman\Documents\PROGRAMA TESIS\nw.exe"
[0317/173715:INFO:nw_package.cc(175)] "C:\Users\Oscar Roman\Documents\PROGRAMA TESIS\nw.exe"
[0317/174257:INFO:nw_package.cc(175)] "C:\Users\Oscar Roman\Documents\PROGRAMA TESIS\nw.exe"
[0317/174652:INFO:nw_package.cc(175)] "C:\Users\Oscar Roman\Documents\PROGRAMA TESIS\nw.exe"
[0317/213740:INFO:nw_package.cc(175)] "C:\wamp\www\PROGRAMA TESIS\nw.exe"
[0317/213841:INFO:nw_package.cc(175)] "C:\wamp\www\PROGRAMA TESIS\nw.exe"
[0324/213010:INFO:nw_package.cc(175)] "C:\wamp\www\PROGRAMA TESIS\nw.exe"
[0324/213122:ERROR:image_metadata_extractor.cc(112)] Couldn't load libexif. 126
[0324/213621:INFO:nw_package.cc(175)] "C:\wamp\www\PROGRAMA TESIS\nw.exe"
[0324/213636:INFO:nw_package.cc(175)] "C:\wamp\www\PROGRAMA TESIS\nw.exe"
[0324/213942:INFO:nw_package.cc(175)] "C:\wamp\www\PROGRAMA TESIS\nw.exe"
[0329/232509:INFO:nw_package.cc(175)] "C:\wamp\www\PROGRAMA TESIS\nw.exe"
[0329/232611:ERROR:image_metadata_extractor.cc(112)] Couldn't load libexif. 126
[0329/232635:INFO:nw_package.cc(175)] "C:\wamp\www\PROGRAMA TESIS\nw.exe"
[0329/233008:INFO:nw_package.cc(175)] "C:\wamp\www\PROGRAMA TESIS\nw.exe"
[0329/233108:INFO:nw_package.cc(175)] "C:\wamp\www\PROGRAMA TESIS\nw.exe"
[0329/233108:ERROR:image_metadata_extractor.cc(112)] Couldn't load libexif. 126
[0329/233138:ERROR:image_metadata_extractor.cc(112)] Couldn't load libexif. 126
[0329/233146:INFO:nw_package.cc(175)] "C:\wamp\www\PROGRAMA TESIS\nw.exe"
[0329/233217:ERROR:image_metadata_extractor.cc(112)] Couldn't load libexif. 126
[0329/233248:ERROR:image_metadata_extractor.cc(112)] Couldn't load libexif. 126
[0329/233339:INFO:nw_package.cc(175)] "C:\wamp\www\PROGRAMA TESIS\nw.exe"
[0329/234444:INFO:nw_package.cc(175)] "C:\wamp\www\PROGRAMA TESIS\nw.exe"
[0329/235929:INFO:nw_package.cc(175)] "C:\wamp\www\PROGRAMA TESIS\nw.exe"
[0330/000016:INFO:nw_package.cc(175)] "C:\wamp\www\PROGRAMA TESIS\nw.exe"
[0330/000126:INFO:nw_package.cc(175)] "C:\wamp\www\PROGRAMA TESIS\nw.exe"
[0330/093546:INFO:nw_package.cc(175)] "C:\wamp\www\PROGRAMA TESIS\nw.exe"
[0331/143625:INFO:nw_package.cc(175)] "C:\wamp\www\PROGRAMA TESIS\nw.exe"
[0331/143726:ERROR:image_metadata_extractor.cc(112)] Couldn't load libexif. 126
[0331/143924:INFO:nw_package.cc(175)] "C:\wamp\www\PROGRAMA TESIS\nw.exe"
[0331/144015:INFO:nw_package.cc(175)] "C:\wamp\www\PROGRAMA TESIS\nw.exe"
[0331/144215:INFO:nw_package.cc(175)] "C:\wamp\www\PROGRAMA TESIS\nw.exe"
[0331/144324:INFO:nw_package.cc(175)] "C:\wamp\www\PROGRAMA TESIS\nw.exe"
[0331/144400:INFO:nw_package.cc(175)] "C:\wamp\www\PROGRAMA TESIS\nw.exe"
[0405/130759:INFO:nw_package.cc(175)] "C:\wamp\www\PROGRAMA TESIS\nw.exe"
[0405/130854:INFO:nw_package.cc(175)] "C:\wamp\www\PROGRAMA TESIS\nw.exe"
[0405/130957:ERROR:image_metadata_extractor.cc(112)] Couldn't load libexif. 126
[0405/131031:INFO:nw_package.cc(175)] "C:\wamp\www\PROGRAMA TESIS\nw.exe"
[0406/174349:ERROR:module_util_win.cc(60)] No valid Chrome version found
[0406/174349:ERROR:main_dll_loader_win.cc(136)] Cannot find module nw.dll: El tipo de recurso especificado no se encuentra en el archivo de imagen. (0x715)
[0406/174405:INFO:nw_package.cc(175)] "C:\wamp\www\physim\nw.exe"
[0406/174506:ERROR:image_metadata_extractor.cc(112)] Couldn't load libexif. 126
[0408/144250:INFO:nw_package.cc(175)] "C:\wamp\www\physim\nw.exe"
[0408/144351:ERROR:image_metadata_extractor.cc(112)] Couldn't load libexif. 126
[0408/172728:INFO:nw_package.cc(175)] "C:\wamp\www\physim\nw.exe"
[0408/173029:INFO:nw_package.cc(175)] "C:\wamp\www\physim\nw.exe"
[0408/173126:INFO:nw_package.cc(175)] "C:\wamp\www\physim\nw.exe"
[0408/195402:INFO:nw_package.cc(175)] "C:\wamp\www\physim\nw.exe"
[0409/094532:INFO:nw_package.cc(175)] "C:\wamp\www\physim\physim.exe"
[0409/094539:INFO:nw_package.cc(175)] "C:\wamp\www\physim\physim.exe"
[0412/103618:INFO:nw_package.cc(175)] "C:\wamp\www\physim\physim.exe"
[0412/103719:ERROR:image_metadata_extractor.cc(112)] Couldn't load libexif. 126
[0412/103937:INFO:nw_package.cc(175)] "C:\wamp\www\physim\physim.exe"
[0412/104056:INFO:nw_package.cc(175)] "C:\wamp\www\physim\physim.exe"
[0412/144547:INFO:nw_package.cc(175)] "C:\wamp\www\physim\physim.exe"
[0414/161441:INFO:nw_package.cc(175)] "C:\wamp\www\physim\physim.exe"
[0414/161542:ERROR:image_metadata_extractor.cc(112)] Couldn't load libexif. 126
[0414/161608:INFO:nw_package.cc(175)] "C:\wamp\www\physim\physim.exe"
[0414/162820:INFO:nw_package.cc(175)] "C:\wamp\www\physim\physim.exe"
[0415/115616:INFO:nw_package.cc(175)] "C:\wamp\www\physim\physim.exe"
[0415/120215:INFO:nw_package.cc(175)] "C:\wamp\www\physim\physim.exe"
[0415/120755:INFO:nw_package.cc(175)] "C:\wamp\www\physim\physim.exe"
[0415/121228:INFO:nw_package.cc(175)] "C:\wamp\www\physim\physim.exe"
[0415/122404:INFO:nw_package.cc(175)] "C:\wamp\www\physim\physim.exe"
[0415/125945:INFO:nw_package.cc(175)] "C:\wamp\www\physim\physim.exe"
[0415/130019:INFO:nw_package.cc(175)] "C:\wamp\www\physim\physim.exe"
[0415/130034:INFO:nw_package.cc(175)] "C:\wamp\www\physim\physim.exe"
[0415/130106:INFO:nw_package.cc(175)] "C:\wamp\www\physim\physim.exe"
[0415/130830:INFO:nw_package.cc(175)] "C:\wamp\www\physim\physim.exe"
[0415/130903:INFO:nw_package.cc(175)] "C:\wamp\www\physim\physim.exe"
[0415/130930:INFO:nw_package.cc(175)] "C:\wamp\www\physim\physim.exe"
[0415/220816:INFO:nw_package.cc(175)] "C:\wamp\www\physim\physim.exe"
[0415/220823:ERROR:image_metadata_extractor.cc(112)] Couldn't load libexif. 126
[0415/220853:ERROR:image_metadata_extractor.cc(112)] Couldn't load libexif. 126
[0415/220919:ERROR:image_metadata_extractor.cc(112)] Couldn't load libexif. 126
[0420/203112:INFO:nw_package.cc(175)] "C:\wamp\www\physim\physim.exe"
[0420/203218:ERROR:image_metadata_extractor.cc(112)] Couldn't load libexif. 126
[0422/093136:INFO:nw_package.cc(175)] "C:\wamp\www\physim\physim.exe"
[0422/094735:INFO:nw_package.cc(175)] "C:\wamp\www\physim\physim.exe"
[0422/095521:INFO:nw_package.cc(175)] "C:\wamp\www\physim\physim.exe"
[0423/141909:INFO:nw_package.cc(175)] "C:\wamp\www\physim\physim.exe"
[0423/142011:ERROR:image_metadata_extractor.cc(112)] Couldn't load libexif. 126
[0425/202837:INFO:nw_package.cc(175)] "C:\wamp\www\physim\physim.exe"
[0428/100904:INFO:nw_package.cc(175)] "C:\wamp\www\physim\physim.exe"
[0429/133513:INFO:nw_package.cc(175)] "C:\wamp\www\physim\physim.exe"
[0429/133616:ERROR:image_metadata_extractor.cc(112)] Couldn't load libexif. 126
[0429/134704:INFO:nw_package.cc(175)] "C:\wamp\www\physim\physim.exe"
[0429/135905:INFO:nw_package.cc(175)] "C:\wamp\www\physim\physim.exe"
[0429/141111:INFO:nw_package.cc(175)] "C:\wamp\www\physim\physim.exe"
[0429/141745:INFO:nw_package.cc(175)] "C:\wamp\www\physim\physim.exe"
[0430/100719:INFO:nw_package.cc(175)] "C:\wamp\www\physim\physim.exe"
[0430/103534:INFO:nw_package.cc(175)] "C:\wamp\www\physim\physim.exe"
[0430/103612:INFO:nw_package.cc(175)] "C:\wamp\www\physim\physim.exe"
[0509/084343:INFO:nw_package.cc(175)] "C:\wamp\www\physim\physim.exe"
[0509/100753:INFO:nw_package.cc(175)] "C:\wamp\www\physim\physim.exe"
[0510/171835:INFO:nw_package.cc(175)] "C:\wamp\www\physim\physim.exe"
[0514/111507:INFO:nw_package.cc(175)] "C:\wamp\www\physim\physim.exe"
[0514/111609:ERROR:image_metadata_extractor.cc(112)] Couldn't load libexif. 126
[0516/111929:INFO:nw_package.cc(175)] "C:\wamp\www\physim\physim.exe"
[0516/112031:ERROR:image_metadata_extractor.cc(112)] Couldn't load libexif. 126
[0516/112116:INFO:nw_package.cc(175)] "C:\wamp\www\physim\physim.exe"
[0516/113931:INFO:nw_package.cc(175)] "C:\wamp\www\physim\physim.exe"
[0517/084139:INFO:nw_package.cc(175)] "C:\wamp\www\physim\physim.exe"
[0517/084200:INFO:nw_package.cc(175)] "C:\wamp\www\physim\physim.exe"
[0517/090500:INFO:nw_package.cc(175)] "C:\wamp\www\physim\physim.exe"
[0520/092907:INFO:nw_package.cc(175)] "C:\wamp\www\physim\physim.exe"
[0520/093158:INFO:nw_package.cc(175)] "C:\wamp\www\physim\physim.exe"
[0520/093259:ERROR:image_metadata_extractor.cc(112)] Couldn't load libexif. 126
[0520/124600:INFO:nw_package.cc(175)] "C:\wamp\www\physim\physim.exe"
[0520/130033:INFO:nw_package.cc(175)] "C:\wamp\www\physim\physim.exe"
[0520/130130:INFO:nw_package.cc(175)] "C:\wamp\www\physim\physim.exe"
[0523/175700:INFO:nw_package.cc(175)] "C:\wamp\www\physim\physim.exe"
[0523/175752:INFO:nw_package.cc(175)] "C:\wamp\www\physim\physim.exe"
[0525/093831:INFO:nw_package.cc(175)] "C:\wamp\www\physim\physim.exe"
[0525/094012:INFO:nw_package.cc(175)] "C:\wamp\www\physim\physim.exe"
[0525/094231:INFO:nw_package.cc(175)] "C:\wamp\www\physim\physim.exe"
[0525/094328:INFO:nw_package.cc(175)] "C:\wamp\www\physim\physim.exe"
[0525/094413:INFO:nw_package.cc(175)] "C:\wamp\www\physim\physim.exe"
[0525/094515:ERROR:image_metadata_extractor.cc(112)] Couldn't load libexif. 126
[0525/094530:INFO:nw_package.cc(175)] "C:\wamp\www\physim\physim.exe"
[0525/094601:INFO:nw_package.cc(175)] "C:\wamp\www\physim\physim.exe"
[0525/094655:INFO:nw_package.cc(175)] "C:\wamp\www\physim\physim.exe"
[0525/094721:INFO:nw_package.cc(175)] "C:\wamp\www\physim\physim.exe"
[0525/094758:INFO:nw_package.cc(175)] "C:\wamp\www\physim\physim.exe"
[0525/095113:INFO:nw_package.cc(175)] "C:\wamp\www\physim\physim.exe"
[0525/095136:INFO:nw_package.cc(175)] "C:\wamp\www\physim\physim.exe"
[0525/095230:INFO:nw_package.cc(175)] "C:\wamp\www\physim\physim.exe"
[0525/095300:INFO:nw_package.cc(175)] "C:\wamp\www\physim\physim.exe"
[0525/095320:INFO:nw_package.cc(175)] "C:\wamp\www\physim\physim.exe"
[0525/095412:INFO:nw_package.cc(175)] "C:\wamp\www\physim\physim.exe"
[0525/095436:INFO:nw_package.cc(175)] "C:\wamp\www\physim\physim.exe"
[0525/095512:INFO:nw_package.cc(175)] "C:\wamp\www\physim\physim.exe"
[0525/095534:INFO:nw_package.cc(175)] "C:\wamp\www\physim\physim.exe"
[0525/095702:INFO:nw_package.cc(175)] "C:\wamp\www\physim\physim.exe"
[0525/095815:INFO:nw_package.cc(175)] "C:\wamp\www\physim\physim.exe"
[0525/222704:INFO:nw_package.cc(175)] "C:\wamp\www\physim\physim.exe"
[0525/223157:INFO:nw_package.cc(175)] "C:\wamp\www\physim\physim.exe"
[0525/231810:INFO:nw_package.cc(175)] "C:\wamp\www\physim\physim.exe"
[0525/232248:INFO:nw_package.cc(175)] "C:\wamp\www\physim\physim.exe"
[0526/160004:INFO:nw_package.cc(175)] "C:\wamp\www\physim\physim.exe"
[0526/160020:INFO:nw_package.cc(175)] "C:\wamp\www\physim\physim.exe"
[0526/162045:INFO:nw_package.cc(175)] "C:\wamp\www\physim\physim.exe"
[0526/162146:ERROR:image_metadata_extractor.cc(112)] Couldn't load libexif. 126
[0526/162247:INFO:nw_package.cc(175)] "C:\wamp\www\physim\physim.exe"
[0527/153150:INFO:nw_package.cc(175)] "C:\wamp\www\physim\physim.exe"
[0527/162146:ERROR:image_metadata_extractor.cc(112)] Couldn't load libexif. 126
[0527/175644:INFO:nw_package.cc(175)] "C:\wamp\www\physim\physim.exe"
[0527/175659:INFO:nw_package.cc(175)] "C:\wamp\www\physim\physim.exe"
[0527/175732:INFO:nw_package.cc(175)] "C:\wamp\www\physim\physim.exe"
[0529/200853:ERROR:image_metadata_extractor.cc(112)] Couldn't load libexif. 126
[0601/085251:INFO:nw_package.cc(175)] "C:\wamp\www\physim\physim.exe"
[0601/085352:ERROR:image_metadata_extractor.cc(112)] Couldn't load libexif. 126
[0601/090652:INFO:nw_package.cc(175)] "C:\wamp\www\physim\physim.exe"
[0601/112838:INFO:nw_package.cc(175)] "C:\wamp\www\physim\physim.exe"
[0601/115849:INFO:nw_package.cc(175)] "C:\wamp\www\physim\physim.exe"
[0601/120054:INFO:nw_package.cc(175)] "C:\wamp\www\physim\physim.exe"
[0601/120109:INFO:nw_package.cc(175)] "C:\wamp\www\physim\physim.exe"
[0602/165529:INFO:nw_package.cc(175)] "C:\wamp\www\physim\physim.exe"
[0602/165918:INFO:nw_package.cc(175)] "C:\wamp\www\physim\physim.exe"
[0602/170031:INFO:nw_package.cc(175)] "C:\wamp\www\physim\physim.exe"
[0602/170133:ERROR:image_metadata_extractor.cc(112)] Couldn't load libexif. 126
[0602/172356:INFO:nw_package.cc(175)] "C:\wamp\www\physim\physim.exe"
[0602/174407:INFO:nw_package.cc(175)] "C:\wamp\www\physim\physim.exe"
[0602/180054:INFO:nw_package.cc(175)] "C:\wamp\www\physim\physim.exe"
[0602/180610:INFO:nw_package.cc(175)] "C:\wamp\www\physim\physim.exe"
[0603/080949:INFO:nw_package.cc(175)] "C:\wamp\www\physim\physim.exe"
[0603/084906:INFO:nw_package.cc(175)] "C:\wamp\www\physim\physim.exe"
[0603/095040:INFO:nw_package.cc(175)] "C:\wamp\www\physim\physim.exe"
[0605/202827:INFO:nw_package.cc(175)] "C:\wamp\www\physim\physim.exe"
[0605/202931:ERROR:image_metadata_extractor.cc(112)] Couldn't load libexif. 126
[0605/203518:INFO:nw_package.cc(175)] "C:\wamp\www\physim\physim.exe"
[0605/204728:INFO:nw_package.cc(175)] "C:\wamp\www\physim\physim.exe"
[0605/224134:INFO:nw_package.cc(175)] "C:\wamp\www\physim\physim.exe"
[0605/224325:INFO:nw_package.cc(175)] "C:\wamp\www\physim\physim.exe"
[0605/224650:INFO:nw_package.cc(175)] "C:\wamp\www\physim\physim.exe"
[0606/083909:INFO:nw_package.cc(175)] "C:\wamp\www\physim\physim.exe"
[0606/095350:INFO:nw_package.cc(175)] "C:\wamp\www\physim\physim.exe"
[0606/100954:INFO:nw_package.cc(175)] "C:\wamp\www\physim\physim.exe"
[0606/101000:INFO:nw_package.cc(175)] "C:\wamp\www\physim\physim.exe"
[0606/171958:INFO:nw_package.cc(175)] "C:\wamp\www\physim\physim.exe"
[0609/160005:INFO:nw_package.cc(175)] "C:\wamp\www\physim\physim.exe"
[0609/160106:ERROR:image_metadata_extractor.cc(112)] Couldn't load libexif. 126
[0610/090248:INFO:nw_package.cc(175)] "C:\wamp\www\physim\physim.exe"
[0612/150754:INFO:nw_package.cc(175)] "C:\wamp\www\physim\physim.exe"
[0612/150856:ERROR:image_metadata_extractor.cc(112)] Couldn't load libexif. 126
[0612/154221:INFO:nw_package.cc(175)] "C:\wamp\www\physim\physim.exe"
[0612/165052:INFO:nw_package.cc(175)] "C:\wamp\www\physim\physim.exe"
[0614/095137:INFO:nw_package.cc(175)] "C:\wamp\www\physim\physim.exe"
[0615/153236:INFO:nw_package.cc(175)] "C:\wamp\www\physim\physim.exe"
[0615/182843:INFO:nw_package.cc(175)] "C:\wamp\www\physim\physim.exe"
[0615/182945:ERROR:image_metadata_extractor.cc(112)] Couldn't load libexif. 126
[0615/185131:INFO:nw_package.cc(175)] "C:\wamp\www\physim\physim.exe"
[0615/192651:INFO:nw_package.cc(175)] "C:\wamp\www\physim\physim.exe"
[0615/222249:INFO:nw_package.cc(175)] "C:\wamp\www\physim\physim.exe"
[0615/222545:INFO:nw_package.cc(175)] "C:\wamp\www\physim\physim.exe"
[0615/222727:INFO:nw_package.cc(175)] "C:\wamp\www\physim\physim.exe"
[0801/144253:INFO:nw_package.cc(175)] "F:\CDS PHYSIM\physim\physim.exe"
